-------------------------------------------------------------------------------
Test set: Org.Project.SpiceJet_Test.HomePageTest
-------------------------------------------------------------------------------
Tests run: 1, Failures: 1, Errors: 0, Skipped: 0, Time elapsed: 46.528 sec <<< FAILURE!
verifyAllState(Org.Project.SpiceJet_Test.HomePageTest)  Time elapsed: 20.156 sec  <<< FAILURE!
org.openqa.selenium.NoSuchElementException: Unable to locate element: #ctl00_mainContent_ddl_originStation1_CTXT (WARNING: The server did not provide any stacktrace information)
Command duration or timeout: 20.04 seconds
For documentation on this error, please visit: http://seleniumhq.org/exceptions/no_such_element.html
Build info: version: 'unknown', revision: '31c43c8', time: '2016-08-02 21:57:56 -0700'
System info: host: 'Vishnu', ip: '192.168.1.6', os.name: 'Windows 8.1', os.arch: 'amd64', os.version: '6.3', java.version: '1.8.0_60'
Driver info: org.openqa.selenium.firefox.FirefoxDriver
Capabilities [{rotatable=false, raisesAccessibilityExceptions=false, appBuildId=20160726073904, version=, platform=XP, proxy={}, command_id=1, specificationLevel=0, acceptSslCerts=false, browserVersion=48.0, platformVersion=6.3, XULappId={ec8030f7-c20a-464f-9b0e-13a3a9e97384}, browserName=Firefox, takesScreenshot=true, takesElementScreenshot=true, platformName=Windows_NT, device=desktop}]
Session ID: 467ed606-e1a2-4bb2-aebb-d81e7e28a05e
*** Element info: {Using=css selector, value=#ctl00_mainContent_ddl_originStation1_CTXT}
	at sun.reflect.NativeConstructorAccessorImpl.newInstance0(Native Method)
	at sun.reflect.NativeConstructorAccessorImpl.newInstance(NativeConstructorAccessorImpl.java:62)
	at sun.reflect.DelegatingConstructorAccessorImpl.newInstance(DelegatingConstructorAccessorImpl.java:45)
	at java.lang.reflect.Constructor.newInstance(Constructor.java:422)
	at org.openqa.selenium.remote.ErrorHandler.createThrowable(ErrorHandler.java:206)
	at org.openqa.selenium.remote.ErrorHandler.throwIfResponseFailed(ErrorHandler.java:158)
	at org.openqa.selenium.remote.RemoteWebDriver.execute(RemoteWebDriver.java:683)
	at org.openqa.selenium.remote.RemoteWebDriver.findElement(RemoteWebDriver.java:377)
	at org.openqa.selenium.remote.RemoteWebDriver.findElementByCssSelector(RemoteWebDriver.java:498)
	at org.openqa.selenium.remote.RemoteWebDriver.findElementById(RemoteWebDriver.java:429)
	at org.openqa.selenium.By$ById.findElement(By.java:218)
	at org.openqa.selenium.remote.RemoteWebDriver.findElement(RemoteWebDriver.java:369)
	at org.openqa.selenium.support.pagefactory.DefaultElementLocator.findElement(DefaultElementLocator.java:69)
	at org.openqa.selenium.support.pagefactory.internal.LocatingElementHandler.invoke(LocatingElementHandler.java:38)
	at com.sun.proxy.$Proxy5.click(Unknown Source)
	at Org.Project.SpicejetPageObjects.Homepage_Objects.clickorigincitydropdown(Homepage_Objects.java:22)
	at Org.Project.SpiceJet_Test.HomePageTest.verifyAllState(HomePageTest.java:44)
