-------------------------------------------------------------------------------
Test set: Org.Project.SpiceJet_Test.HomePageTest
-------------------------------------------------------------------------------
Tests run: 2, Failures: 2, Errors: 0, Skipped: 0, Time elapsed: 18.006 sec <<< FAILURE!
verifyAllState(Org.Project.SpiceJet_Test.HomePageTest)  Time elapsed: 4.658 sec  <<< FAILURE!
org.openqa.selenium.WebDriverException: Failed to decode response from marionette (WARNING: The server did not provide any stacktrace information)
Command duration or timeout: 140 milliseconds
Build info: version: 'unknown', revision: '31c43c8', time: '2016-08-02 21:57:56 -0700'
System info: host: 'Vishnu', ip: '192.168.1.6', os.name: 'Windows 8.1', os.arch: 'amd64', os.version: '6.3', java.version: '1.8.0_60'
Driver info: org.openqa.selenium.firefox.FirefoxDriver
Capabilities [{rotatable=false, raisesAccessibilityExceptions=false, appBuildId=20160726073904, version=, platform=XP, proxy={}, command_id=1, specificationLevel=0, acceptSslCerts=false, browserVersion=48.0, platformVersion=6.3, XULappId={ec8030f7-c20a-464f-9b0e-13a3a9e97384}, browserName=Firefox, takesScreenshot=true, takesElementScreenshot=true, platformName=Windows_NT, device=desktop}]
Session ID: b2cff003-37b3-463d-95e0-495002b20482
*** Element info: {Using=xpath, value=//div[@id='glsctl00_mainContent_ddl_destinationStation1_CTNR']/table/tbody/tr[2]/td/div[3]/div[1]/div/ul}
	at sun.reflect.NativeConstructorAccessorImpl.newInstance0(Native Method)
	at sun.reflect.NativeConstructorAccessorImpl.newInstance(NativeConstructorAccessorImpl.java:62)
	at sun.reflect.DelegatingConstructorAccessorImpl.newInstance(DelegatingConstructorAccessorImpl.java:45)
	at java.lang.reflect.Constructor.newInstance(Constructor.java:422)
	at org.openqa.selenium.remote.ErrorHandler.createThrowable(ErrorHandler.java:206)
	at org.openqa.selenium.remote.ErrorHandler.throwIfResponseFailed(ErrorHandler.java:158)
	at org.openqa.selenium.remote.RemoteWebDriver.execute(RemoteWebDriver.java:683)
	at org.openqa.selenium.remote.RemoteWebDriver.findElements(RemoteWebDriver.java:402)
	at org.openqa.selenium.remote.RemoteWebDriver.findElementsByXPath(RemoteWebDriver.java:510)
	at org.openqa.selenium.By$ByXPath.findElements(By.java:356)
	at org.openqa.selenium.remote.RemoteWebDriver.findElements(RemoteWebDriver.java:365)
	at org.openqa.selenium.support.pagefactory.DefaultElementLocator.findElements(DefaultElementLocator.java:85)
	at org.openqa.selenium.support.pagefactory.internal.LocatingElementListHandler.invoke(LocatingElementListHandler.java:36)
	at com.sun.proxy.$Proxy6.size(Unknown Source)
	at Org.Project.SpicejetPageObjects.Homepage_Objects.compareStates(Homepage_Objects.java:61)
	at Org.Project.SpiceJet_Test.HomePageTest.verifyAllState(HomePageTest.java:52)

teardown(Org.Project.SpiceJet_Test.HomePageTest)  Time elapsed: 4.673 sec  <<< FAILURE!
java.lang.Exception
	at Org.Project.Spicejet.UtilityFunctions.takeScreenshot(UtilityFunctions.java:61)
	at Org.Project.SpiceJet_Test.HomePageTest.teardown(HomePageTest.java:36)

