<?xml version="1.0" encoding="UTF-8" ?>
<testsuite tests="1" failures="1" name="Org.Project.SpiceJet_Test.HomePageTest" time="41.123" errors="0" skipped="0">
  <properties>
[...]
</properties>
  <testcase classname="Org.Project.SpiceJet_Test.HomePageTest" name="verifyAllState" time="41.123">
    <failure message="Element is not visible (WARNING: The server did not provide any stacktrace information)
Command duration or timeout: 16 milliseconds
Build info: version: &apos;unknown&apos;, revision: &apos;31c43c8&apos;, time: &apos;2016-08-02 21:57:56 -0700&apos;
System info: host: &apos;Vishnu&apos;, ip: &apos;192.168.1.6&apos;, os.name: &apos;Windows 8.1&apos;, os.arch: &apos;amd64&apos;, os.version: &apos;6.3&apos;, java.version: &apos;1.8.0_60&apos;
Driver info: org.openqa.selenium.firefox.FirefoxDriver
Capabilities [{rotatable=false, raisesAccessibilityExceptions=false, appBuildId=20160726073904, version=, platform=XP, proxy={}, command_id=1, specificationLevel=0, acceptSslCerts=false, browserVersion=48.0, platformVersion=6.3, XULappId={ec8030f7-c20a-464f-9b0e-13a3a9e97384}, browserName=Firefox, takesScreenshot=true, takesElementScreenshot=true, platformName=Windows_NT, device=desktop}]
Session ID: fa70aaed-0147-48e7-ba28-8edfe4164847" type="org.openqa.selenium.ElementNotVisibleException">org.openqa.selenium.ElementNotVisibleException: Element is not visible (WARNING: The server did not provide any stacktrace information)
Command duration or timeout: 16 milliseconds
Build info: version: &apos;unknown&apos;, revision: &apos;31c43c8&apos;, time: &apos;2016-08-02 21:57:56 -0700&apos;
System info: host: &apos;Vishnu&apos;, ip: &apos;192.168.1.6&apos;, os.name: &apos;Windows 8.1&apos;, os.arch: &apos;amd64&apos;, os.version: &apos;6.3&apos;, java.version: &apos;1.8.0_60&apos;
Driver info: org.openqa.selenium.firefox.FirefoxDriver
Capabilities [{rotatable=false, raisesAccessibilityExceptions=false, appBuildId=20160726073904, version=, platform=XP, proxy={}, command_id=1, specificationLevel=0, acceptSslCerts=false, browserVersion=48.0, platformVersion=6.3, XULappId={ec8030f7-c20a-464f-9b0e-13a3a9e97384}, browserName=Firefox, takesScreenshot=true, takesElementScreenshot=true, platformName=Windows_NT, device=desktop}]
Session ID: fa70aaed-0147-48e7-ba28-8edfe4164847
	at sun.reflect.NativeConstructorAccessorImpl.newInstance0(Native Method)
	at sun.reflect.NativeConstructorAccessorImpl.newInstance(NativeConstructorAccessorImpl.java:62)
	at sun.reflect.DelegatingConstructorAccessorImpl.newInstance(DelegatingConstructorAccessorImpl.java:45)
	at java.lang.reflect.Constructor.newInstance(Constructor.java:422)
	at org.openqa.selenium.remote.ErrorHandler.createThrowable(ErrorHandler.java:206)
	at org.openqa.selenium.remote.ErrorHandler.throwIfResponseFailed(ErrorHandler.java:158)
	at org.openqa.selenium.remote.RemoteWebDriver.execute(RemoteWebDriver.java:683)
	at org.openqa.selenium.remote.RemoteWebElement.execute(RemoteWebElement.java:319)
	at org.openqa.selenium.remote.RemoteWebElement.click(RemoteWebElement.java:85)
	at Org.Project.SpicejetPageObjects.Homepage_Objects.selectState(Homepage_Objects.java:48)
	at Org.Project.SpiceJet_Test.HomePageTest.verifyAllState(HomePageTest.java:50)
</failure>
    <system-out>Configuring TestNG with: org.apache.maven.surefire.testng.conf.TestNG652Configurator@7960847b
</system-out>
    <system-err>[GFX1-]: PossiblyBrokenSurfaceSharing_UnexpectedAMDGPU
[GFX1-]: PossiblyBrokenSurfaceSharing_UnexpectedAMDGPU
1487512539697	Marionette	INFO	Listening on port 51257
[GFX1-]: PossiblyBrokenSurfaceSharing_UnexpectedAMDGPU
[GFX1-]: PossiblyBrokenSurfaceSharing_UnexpectedAMDGPU
1487512544362	Marionette	INFO	startBrowser fa70aaed-0147-48e7-ba28-8edfe4164847
1487512544377	Marionette	INFO	sendAsync fa70aaed-0147-48e7-ba28-8edfe4164847
1487512545491	Marionette	INFO	sendAsync fa70aaed-0147-48e7-ba28-8edfe4164847
1487512545629	Marionette	INFO	sendAsync fa70aaed-0147-48e7-ba28-8edfe4164847
JavaScript warning: http://spicejet.com/, line 1977: SyntaxError: 09 is not a legal ECMA-262 octal constant
JavaScript warning: http://spicejet.com/, line 1977: SyntaxError: 09 is not a legal ECMA-262 octal constant
1487512551212	Marionette	INFO	sendAsync fa70aaed-0147-48e7-ba28-8edfe4164847
1487512551231	Marionette	INFO	sendAsync fa70aaed-0147-48e7-ba28-8edfe4164847
1487512551321	Marionette	INFO	sendAsync fa70aaed-0147-48e7-ba28-8edfe4164847
1487512551356	Marionette	INFO	sendAsync fa70aaed-0147-48e7-ba28-8edfe4164847
1487512551374	Marionette	INFO	sendAsync fa70aaed-0147-48e7-ba28-8edfe4164847
1487512551389	Marionette	INFO	sendAsync fa70aaed-0147-48e7-ba28-8edfe4164847
1487512551413	Marionette	INFO	sendAsync fa70aaed-0147-48e7-ba28-8edfe4164847
1487512551426	Marionette	INFO	sendAsync fa70aaed-0147-48e7-ba28-8edfe4164847
1487512551442	Marionette	INFO	sendAsync fa70aaed-0147-48e7-ba28-8edfe4164847
1487512551452	Marionette	INFO	sendAsync fa70aaed-0147-48e7-ba28-8edfe4164847
1487512551471	Marionette	INFO	sendAsync fa70aaed-0147-48e7-ba28-8edfe4164847
1487512553552	Marionette	INFO	sendAsync fa70aaed-0147-48e7-ba28-8edfe4164847
1487512555602	Marionette	INFO	sendAsync fa70aaed-0147-48e7-ba28-8edfe4164847
1487512555648	Marionette	INFO	sendAsync fa70aaed-0147-48e7-ba28-8edfe4164847
1487512555705	Marionette	INFO	sendAsync fa70aaed-0147-48e7-ba28-8edfe4164847
1487512555721	Marionette	INFO	sendAsync fa70aaed-0147-48e7-ba28-8edfe4164847
1487512555744	Marionette	INFO	sendAsync fa70aaed-0147-48e7-ba28-8edfe4164847
1487512555753	Marionette	INFO	sendAsync fa70aaed-0147-48e7-ba28-8edfe4164847
1487512555774	Marionette	INFO	sendAsync fa70aaed-0147-48e7-ba28-8edfe4164847
1487512555782	Marionette	INFO	sendAsync fa70aaed-0147-48e7-ba28-8edfe4164847
1487512555801	Marionette	INFO	sendAsync fa70aaed-0147-48e7-ba28-8edfe4164847
1487512555812	Marionette	INFO	sendAsync fa70aaed-0147-48e7-ba28-8edfe4164847
1487512555821	Marionette	INFO	sendAsync fa70aaed-0147-48e7-ba28-8edfe4164847
1487512555830	Marionette	INFO	sendAsync fa70aaed-0147-48e7-ba28-8edfe4164847
1487512555853	Marionette	INFO	sendAsync fa70aaed-0147-48e7-ba28-8edfe4164847
1487512555862	Marionette	INFO	sendAsync fa70aaed-0147-48e7-ba28-8edfe4164847
1487512555877	Marionette	INFO	sendAsync fa70aaed-0147-48e7-ba28-8edfe4164847
1487512555884	Marionette	INFO	sendAsync fa70aaed-0147-48e7-ba28-8edfe4164847
1487512555902	Marionette	INFO	sendAsync fa70aaed-0147-48e7-ba28-8edfe4164847
1487512555912	Marionette	INFO	sendAsync fa70aaed-0147-48e7-ba28-8edfe4164847
1487512555921	Marionette	INFO	sendAsync fa70aaed-0147-48e7-ba28-8edfe4164847
1487512555928	Marionette	INFO	sendAsync fa70aaed-0147-48e7-ba28-8edfe4164847
1487512555943	Marionette	INFO	sendAsync fa70aaed-0147-48e7-ba28-8edfe4164847
1487512555951	Marionette	INFO	sendAsync fa70aaed-0147-48e7-ba28-8edfe4164847
1487512555969	Marionette	INFO	sendAsync fa70aaed-0147-48e7-ba28-8edfe4164847
1487512555979	Marionette	INFO	sendAsync fa70aaed-0147-48e7-ba28-8edfe4164847
1487512555996	Marionette	INFO	sendAsync fa70aaed-0147-48e7-ba28-8edfe4164847
1487512556005	Marionette	INFO	sendAsync fa70aaed-0147-48e7-ba28-8edfe4164847
1487512556013	Marionette	INFO	sendAsync fa70aaed-0147-48e7-ba28-8edfe4164847
1487512556022	Marionette	INFO	sendAsync fa70aaed-0147-48e7-ba28-8edfe4164847
1487512556036	Marionette	INFO	sendAsync fa70aaed-0147-48e7-ba28-8edfe4164847
1487512556048	Marionette	INFO	sendAsync fa70aaed-0147-48e7-ba28-8edfe4164847
1487512556058	Marionette	INFO	sendAsync fa70aaed-0147-48e7-ba28-8edfe4164847
1487512558161	Marionette	INFO	sendAsync fa70aaed-0147-48e7-ba28-8edfe4164847
1487512558178	Marionette	INFO	sendAsync fa70aaed-0147-48e7-ba28-8edfe4164847
1487512558206	Marionette	INFO	sendAsync fa70aaed-0147-48e7-ba28-8edfe4164847
1487512558218	Marionette	INFO	sendAsync fa70aaed-0147-48e7-ba28-8edfe4164847
1487512558238	Marionette	INFO	sendAsync fa70aaed-0147-48e7-ba28-8edfe4164847
1487512558251	Marionette	INFO	sendAsync fa70aaed-0147-48e7-ba28-8edfe4164847
1487512558266	Marionette	INFO	sendAsync fa70aaed-0147-48e7-ba28-8edfe4164847
1487512558282	Marionette	INFO	sendAsync fa70aaed-0147-48e7-ba28-8edfe4164847
1487512558298	Marionette	INFO	sendAsync fa70aaed-0147-48e7-ba28-8edfe4164847
1487512560354	Marionette	INFO	sendAsync fa70aaed-0147-48e7-ba28-8edfe4164847
1487512562402	Marionette	INFO	sendAsync fa70aaed-0147-48e7-ba28-8edfe4164847
1487512562432	Marionette	INFO	sendAsync fa70aaed-0147-48e7-ba28-8edfe4164847
1487512562457	Marionette	INFO	sendAsync fa70aaed-0147-48e7-ba28-8edfe4164847
1487512562472	Marionette	INFO	sendAsync fa70aaed-0147-48e7-ba28-8edfe4164847
1487512562511	Marionette	INFO	sendAsync fa70aaed-0147-48e7-ba28-8edfe4164847
1487512562526	Marionette	INFO	sendAsync fa70aaed-0147-48e7-ba28-8edfe4164847
1487512562572	Marionette	INFO	sendAsync fa70aaed-0147-48e7-ba28-8edfe4164847
1487512562584	Marionette	INFO	sendAsync fa70aaed-0147-48e7-ba28-8edfe4164847
1487512562598	Marionette	INFO	sendAsync fa70aaed-0147-48e7-ba28-8edfe4164847
1487512562610	Marionette	INFO	sendAsync fa70aaed-0147-48e7-ba28-8edfe4164847
1487512562626	Marionette	INFO	sendAsync fa70aaed-0147-48e7-ba28-8edfe4164847
1487512562635	Marionette	INFO	sendAsync fa70aaed-0147-48e7-ba28-8edfe4164847
1487512562655	Marionette	INFO	sendAsync fa70aaed-0147-48e7-ba28-8edfe4164847
1487512562666	Marionette	INFO	sendAsync fa70aaed-0147-48e7-ba28-8edfe4164847
1487512562683	Marionette	INFO	sendAsync fa70aaed-0147-48e7-ba28-8edfe4164847
1487512562692	Marionette	INFO	sendAsync fa70aaed-0147-48e7-ba28-8edfe4164847
1487512562707	Marionette	INFO	sendAsync fa70aaed-0147-48e7-ba28-8edfe4164847
1487512562714	Marionette	INFO	sendAsync fa70aaed-0147-48e7-ba28-8edfe4164847
1487512562727	Marionette	INFO	sendAsync fa70aaed-0147-48e7-ba28-8edfe4164847
1487512562748	Marionette	INFO	sendAsync fa70aaed-0147-48e7-ba28-8edfe4164847
1487512562763	Marionette	INFO	sendAsync fa70aaed-0147-48e7-ba28-8edfe4164847
1487512562771	Marionette	INFO	sendAsync fa70aaed-0147-48e7-ba28-8edfe4164847
1487512562783	Marionette	INFO	sendAsync fa70aaed-0147-48e7-ba28-8edfe4164847
1487512562790	Marionette	INFO	sendAsync fa70aaed-0147-48e7-ba28-8edfe4164847
1487512562805	Marionette	INFO	sendAsync fa70aaed-0147-48e7-ba28-8edfe4164847
1487512562813	Marionette	INFO	sendAsync fa70aaed-0147-48e7-ba28-8edfe4164847
1487512562826	Marionette	INFO	sendAsync fa70aaed-0147-48e7-ba28-8edfe4164847
1487512562832	Marionette	INFO	sendAsync fa70aaed-0147-48e7-ba28-8edfe4164847
1487512562845	Marionette	INFO	sendAsync fa70aaed-0147-48e7-ba28-8edfe4164847
1487512562852	Marionette	INFO	sendAsync fa70aaed-0147-48e7-ba28-8edfe4164847
1487512562865	Marionette	INFO	sendAsync fa70aaed-0147-48e7-ba28-8edfe4164847
1487512562872	Marionette	INFO	sendAsync fa70aaed-0147-48e7-ba28-8edfe4164847
1487512562886	Marionette	INFO	sendAsync fa70aaed-0147-48e7-ba28-8edfe4164847
1487512562892	Marionette	INFO	sendAsync fa70aaed-0147-48e7-ba28-8edfe4164847
1487512562906	Marionette	INFO	sendAsync fa70aaed-0147-48e7-ba28-8edfe4164847
1487512562916	Marionette	INFO	sendAsync fa70aaed-0147-48e7-ba28-8edfe4164847
1487512562929	Marionette	INFO	sendAsync fa70aaed-0147-48e7-ba28-8edfe4164847
1487512562936	Marionette	INFO	sendAsync fa70aaed-0147-48e7-ba28-8edfe4164847
1487512562948	Marionette	INFO	sendAsync fa70aaed-0147-48e7-ba28-8edfe4164847
1487512562958	Marionette	INFO	sendAsync fa70aaed-0147-48e7-ba28-8edfe4164847
1487512562973	Marionette	INFO	sendAsync fa70aaed-0147-48e7-ba28-8edfe4164847
1487512562980	Marionette	INFO	sendAsync fa70aaed-0147-48e7-ba28-8edfe4164847
1487512562990	Marionette	INFO	sendAsync fa70aaed-0147-48e7-ba28-8edfe4164847
1487512563000	Marionette	INFO	sendAsync fa70aaed-0147-48e7-ba28-8edfe4164847
1487512563013	Marionette	INFO	sendAsync fa70aaed-0147-48e7-ba28-8edfe4164847
1487512563019	Marionette	INFO	sendAsync fa70aaed-0147-48e7-ba28-8edfe4164847
1487512563032	Marionette	INFO	sendAsync fa70aaed-0147-48e7-ba28-8edfe4164847
1487512563038	Marionette	INFO	sendAsync fa70aaed-0147-48e7-ba28-8edfe4164847
1487512563053	Marionette	INFO	sendAsync fa70aaed-0147-48e7-ba28-8edfe4164847
1487512563060	Marionette	INFO	sendAsync fa70aaed-0147-48e7-ba28-8edfe4164847
1487512563074	Marionette	INFO	sendAsync fa70aaed-0147-48e7-ba28-8edfe4164847
1487512563082	Marionette	INFO	sendAsync fa70aaed-0147-48e7-ba28-8edfe4164847
1487512563095	Marionette	INFO	sendAsync fa70aaed-0147-48e7-ba28-8edfe4164847
1487512563102	Marionette	INFO	sendAsync fa70aaed-0147-48e7-ba28-8edfe4164847
1487512563115	Marionette	INFO	sendAsync fa70aaed-0147-48e7-ba28-8edfe4164847
1487512563121	Marionette	INFO	sendAsync fa70aaed-0147-48e7-ba28-8edfe4164847
1487512563135	Marionette	INFO	sendAsync fa70aaed-0147-48e7-ba28-8edfe4164847
1487512563142	Marionette	INFO	sendAsync fa70aaed-0147-48e7-ba28-8edfe4164847
1487512563155	Marionette	INFO	sendAsync fa70aaed-0147-48e7-ba28-8edfe4164847
1487512563162	Marionette	INFO	sendAsync fa70aaed-0147-48e7-ba28-8edfe4164847
1487512563173	Marionette	INFO	sendAsync fa70aaed-0147-48e7-ba28-8edfe4164847
1487512563195	Marionette	INFO	sendAsync fa70aaed-0147-48e7-ba28-8edfe4164847
1487512563204	Marionette	INFO	sendAsync fa70aaed-0147-48e7-ba28-8edfe4164847
1487512563211	Marionette	INFO	sendAsync fa70aaed-0147-48e7-ba28-8edfe4164847
1487512563223	Marionette	INFO	sendAsync fa70aaed-0147-48e7-ba28-8edfe4164847
1487512563233	Marionette	INFO	sendAsync fa70aaed-0147-48e7-ba28-8edfe4164847
1487512563247	Marionette	INFO	sendAsync fa70aaed-0147-48e7-ba28-8edfe4164847
1487512563256	Marionette	INFO	sendAsync fa70aaed-0147-48e7-ba28-8edfe4164847
1487512563273	Marionette	INFO	sendAsync fa70aaed-0147-48e7-ba28-8edfe4164847
1487512563286	Marionette	INFO	sendAsync fa70aaed-0147-48e7-ba28-8edfe4164847
1487512563300	Marionette	INFO	sendAsync fa70aaed-0147-48e7-ba28-8edfe4164847
1487512563307	Marionette	INFO	sendAsync fa70aaed-0147-48e7-ba28-8edfe4164847
1487512563322	Marionette	INFO	sendAsync fa70aaed-0147-48e7-ba28-8edfe4164847
1487512563328	Marionette	INFO	sendAsync fa70aaed-0147-48e7-ba28-8edfe4164847
1487512563344	Marionette	INFO	sendAsync fa70aaed-0147-48e7-ba28-8edfe4164847
1487512563353	Marionette	INFO	sendAsync fa70aaed-0147-48e7-ba28-8edfe4164847
1487512563361	Marionette	INFO	sendAsync fa70aaed-0147-48e7-ba28-8edfe4164847
1487512565447	Marionette	INFO	sendAsync fa70aaed-0147-48e7-ba28-8edfe4164847
1487512565465	Marionette	INFO	sendAsync fa70aaed-0147-48e7-ba28-8edfe4164847
1487512565504	Marionette	INFO	sendAsync fa70aaed-0147-48e7-ba28-8edfe4164847
1487512565530	Marionette	INFO	sendAsync fa70aaed-0147-48e7-ba28-8edfe4164847
1487512565541	Marionette	INFO	sendAsync fa70aaed-0147-48e7-ba28-8edfe4164847
1487512565549	Marionette	INFO	sendAsync fa70aaed-0147-48e7-ba28-8edfe4164847
1487512565562	Marionette	INFO	sendAsync fa70aaed-0147-48e7-ba28-8edfe4164847
1487512565569	Marionette	INFO	sendAsync fa70aaed-0147-48e7-ba28-8edfe4164847
1487512565582	Marionette	INFO	sendAsync fa70aaed-0147-48e7-ba28-8edfe4164847
1487512565590	Marionette	INFO	sendAsync fa70aaed-0147-48e7-ba28-8edfe4164847
1487512565606	Marionette	INFO	sendAsync fa70aaed-0147-48e7-ba28-8edfe4164847
1487512567658	Marionette	INFO	sendAsync fa70aaed-0147-48e7-ba28-8edfe4164847
1487512569711	Marionette	INFO	sendAsync fa70aaed-0147-48e7-ba28-8edfe4164847
1487512569744	Marionette	INFO	sendAsync fa70aaed-0147-48e7-ba28-8edfe4164847
1487512569776	Marionette	INFO	sendAsync fa70aaed-0147-48e7-ba28-8edfe4164847
1487512569797	Marionette	INFO	sendAsync fa70aaed-0147-48e7-ba28-8edfe4164847
1487512569826	Marionette	INFO	sendAsync fa70aaed-0147-48e7-ba28-8edfe4164847
1487512569834	Marionette	INFO	sendAsync fa70aaed-0147-48e7-ba28-8edfe4164847
1487512569849	Marionette	INFO	sendAsync fa70aaed-0147-48e7-ba28-8edfe4164847
1487512569857	Marionette	INFO	sendAsync fa70aaed-0147-48e7-ba28-8edfe4164847
1487512569866	Marionette	INFO	sendAsync fa70aaed-0147-48e7-ba28-8edfe4164847
1487512569881	Marionette	INFO	sendAsync fa70aaed-0147-48e7-ba28-8edfe4164847
1487512569896	Marionette	INFO	sendAsync fa70aaed-0147-48e7-ba28-8edfe4164847
1487512569907	Marionette	INFO	sendAsync fa70aaed-0147-48e7-ba28-8edfe4164847
1487512569922	Marionette	INFO	sendAsync fa70aaed-0147-48e7-ba28-8edfe4164847
1487512569929	Marionette	INFO	sendAsync fa70aaed-0147-48e7-ba28-8edfe4164847
1487512569941	Marionette	INFO	sendAsync fa70aaed-0147-48e7-ba28-8edfe4164847
1487512569949	Marionette	INFO	sendAsync fa70aaed-0147-48e7-ba28-8edfe4164847
1487512569965	Marionette	INFO	sendAsync fa70aaed-0147-48e7-ba28-8edfe4164847
1487512569973	Marionette	INFO	sendAsync fa70aaed-0147-48e7-ba28-8edfe4164847
1487512569987	Marionette	INFO	sendAsync fa70aaed-0147-48e7-ba28-8edfe4164847
1487512569995	Marionette	INFO	sendAsync fa70aaed-0147-48e7-ba28-8edfe4164847
1487512590111	Marionette	INFO	sendAsync fa70aaed-0147-48e7-ba28-8edfe4164847
1487512590126	Marionette	INFO	sendAsync fa70aaed-0147-48e7-ba28-8edfe4164847
1487512590134	Marionette	INFO	sendAsync fa70aaed-0147-48e7-ba28-8edfe4164847
1487512592188	Marionette	INFO	sendAsync fa70aaed-0147-48e7-ba28-8edfe4164847
1487512592205	Marionette	INFO	sendAsync fa70aaed-0147-48e7-ba28-8edfe4164847
1487512592226	Marionette	INFO	sendAsync fa70aaed-0147-48e7-ba28-8edfe4164847
1487512592239	Marionette	INFO	sendAsync fa70aaed-0147-48e7-ba28-8edfe4164847
1487512592248	Marionette	INFO	sendAsync fa70aaed-0147-48e7-ba28-8edfe4164847
1487512592255	Marionette	INFO	sendAsync fa70aaed-0147-48e7-ba28-8edfe4164847
1487512592266	Marionette	INFO	sendAsync fa70aaed-0147-48e7-ba28-8edfe4164847
</system-err>
  </testcase>
</testsuite>