<?xml version="1.0" encoding="UTF-8" ?>
<testsuite tests="1" failures="1" name="Org.Project.SpiceJet_Test.HomePageTest" time="46.539" errors="0" skipped="0">
  <properties>
[...]
</properties>
  <testcase classname="Org.Project.SpiceJet_Test.HomePageTest" name="verifyAllState" time="20.156">
    <failure message="Unable to locate element: #ctl00_mainContent_ddl_originStation1_CTXT (WARNING: The server did not provide any stacktrace information)
Command duration or timeout: 20.04 seconds
For documentation on this error, please visit: http://seleniumhq.org/exceptions/no_such_element.html
Build info: version: &apos;unknown&apos;, revision: &apos;31c43c8&apos;, time: &apos;2016-08-02 21:57:56 -0700&apos;
System info: host: &apos;Vishnu&apos;, ip: &apos;192.168.1.6&apos;, os.name: &apos;Windows 8.1&apos;, os.arch: &apos;amd64&apos;, os.version: &apos;6.3&apos;, java.version: &apos;1.8.0_60&apos;
Driver info: org.openqa.selenium.firefox.FirefoxDriver
Capabilities [{rotatable=false, raisesAccessibilityExceptions=false, appBuildId=20160726073904, version=, platform=XP, proxy={}, command_id=1, specificationLevel=0, acceptSslCerts=false, browserVersion=48.0, platformVersion=6.3, XULappId={ec8030f7-c20a-464f-9b0e-13a3a9e97384}, browserName=Firefox, takesScreenshot=true, takesElementScreenshot=true, platformName=Windows_NT, device=desktop}]
Session ID: 467ed606-e1a2-4bb2-aebb-d81e7e28a05e
*** Element info: {Using=css selector, value=#ctl00_mainContent_ddl_originStation1_CTXT}" type="org.openqa.selenium.NoSuchElementException">org.openqa.selenium.NoSuchElementException: Unable to locate element: #ctl00_mainContent_ddl_originStation1_CTXT (WARNING: The server did not provide any stacktrace information)
Command duration or timeout: 20.04 seconds
For documentation on this error, please visit: http://seleniumhq.org/exceptions/no_such_element.html
Build info: version: &apos;unknown&apos;, revision: &apos;31c43c8&apos;, time: &apos;2016-08-02 21:57:56 -0700&apos;
System info: host: &apos;Vishnu&apos;, ip: &apos;192.168.1.6&apos;, os.name: &apos;Windows 8.1&apos;, os.arch: &apos;amd64&apos;, os.version: &apos;6.3&apos;, java.version: &apos;1.8.0_60&apos;
Driver info: org.openqa.selenium.firefox.FirefoxDriver
Capabilities [{rotatable=false, raisesAccessibilityExceptions=false, appBuildId=20160726073904, version=, platform=XP, proxy={}, command_id=1, specificationLevel=0, acceptSslCerts=false, browserVersion=48.0, platformVersion=6.3, XULappId={ec8030f7-c20a-464f-9b0e-13a3a9e97384}, browserName=Firefox, takesScreenshot=true, takesElementScreenshot=true, platformName=Windows_NT, device=desktop}]
Session ID: 467ed606-e1a2-4bb2-aebb-d81e7e28a05e
*** Element info: {Using=css selector, value=#ctl00_mainContent_ddl_originStation1_CTXT}
	at sun.reflect.NativeConstructorAccessorImpl.newInstance0(Native Method)
	at sun.reflect.NativeConstructorAccessorImpl.newInstance(NativeConstructorAccessorImpl.java:62)
	at sun.reflect.DelegatingConstructorAccessorImpl.newInstance(DelegatingConstructorAccessorImpl.java:45)
	at java.lang.reflect.Constructor.newInstance(Constructor.java:422)
	at org.openqa.selenium.remote.ErrorHandler.createThrowable(ErrorHandler.java:206)
	at org.openqa.selenium.remote.ErrorHandler.throwIfResponseFailed(ErrorHandler.java:158)
	at org.openqa.selenium.remote.RemoteWebDriver.execute(RemoteWebDriver.java:683)
	at org.openqa.selenium.remote.RemoteWebDriver.findElement(RemoteWebDriver.java:377)
	at org.openqa.selenium.remote.RemoteWebDriver.findElementByCssSelector(RemoteWebDriver.java:498)
	at org.openqa.selenium.remote.RemoteWebDriver.findElementById(RemoteWebDriver.java:429)
	at org.openqa.selenium.By$ById.findElement(By.java:218)
	at org.openqa.selenium.remote.RemoteWebDriver.findElement(RemoteWebDriver.java:369)
	at org.openqa.selenium.support.pagefactory.DefaultElementLocator.findElement(DefaultElementLocator.java:69)
	at org.openqa.selenium.support.pagefactory.internal.LocatingElementHandler.invoke(LocatingElementHandler.java:38)
	at com.sun.proxy.$Proxy5.click(Unknown Source)
	at Org.Project.SpicejetPageObjects.Homepage_Objects.clickorigincitydropdown(Homepage_Objects.java:22)
	at Org.Project.SpiceJet_Test.HomePageTest.verifyAllState(HomePageTest.java:44)
</failure>
    <system-err>[GFX1-]: PossiblyBrokenSurfaceSharing_UnexpectedAMDGPU
[GFX1-]: PossiblyBrokenSurfaceSharing_UnexpectedAMDGPU
1498228763015	Marionette	INFO	Listening on port 52071
[GFX1-]: PossiblyBrokenSurfaceSharing_UnexpectedAMDGPU
[GFX1-]: PossiblyBrokenSurfaceSharing_UnexpectedAMDGPU
1498228766139	Marionette	INFO	startBrowser 467ed606-e1a2-4bb2-aebb-d81e7e28a05e
1498228766155	Marionette	INFO	sendAsync 467ed606-e1a2-4bb2-aebb-d81e7e28a05e
1498228766825	Marionette	INFO	sendAsync 467ed606-e1a2-4bb2-aebb-d81e7e28a05e
1498228768242	Marionette	INFO	sendAsync 467ed606-e1a2-4bb2-aebb-d81e7e28a05e
JavaScript error: https://normandy-cloudfront.cdn.mozilla.net/static/bundles/selfrepair.afb53ff18f093e84a458.js, line 6: SyntaxError: missing = in const declaration
JavaScript warning: https://book2.spicejet.com/js/SpiceJet/mainV1.43.min.js?version=23062017140642, line 1: unreachable code after return statement
JavaScript warning: https://book2.spicejet.com/js/SpiceJet/mainV1.43.min.js?version=23062017140642, line 1: unreachable code after return statement
1498228784383	Marionette	INFO	sendAsync 467ed606-e1a2-4bb2-aebb-d81e7e28a05e
</system-err>
  </testcase>
</testsuite>